<?xml version="1.0" encoding="utf-8"?><testsuites name="pytest tests"><testsuite name="pytest" errors="0" failures="0" skipped="0" tests="23" time="5.256" timestamp="2026-07-24T05:37:43.042371+00:00" hostname="agent-env-752ce751-8b48-45d1-9a52-629f15c80f6e"><testcase classname="tests.test_auth_and_crud.TestAuthSetupLoginFlow" name="test_01_check_after_setup_returns_true" time="0.385" /><testcase classname="tests.test_auth_and_crud.TestAuthSetupLoginFlow" name="test_02_setup_twice_rejected" time="0.040" /><testcase classname="tests.test_auth_and_crud.TestAuthSetupLoginFlow" name="test_03_login_with_correct_password" time="0.303" /><testcase classname="tests.test_auth_and_crud.TestAuthSetupLoginFlow" name="test_04_login_with_wrong_password_rejected" time="0.263" /><testcase classname="tests.test_auth_and_crud.TestCategories" name="test_get_categories" time="0.080" /><testcase classname="tests.test_auth_and_crud.TestPasswordCrud" name="test_01_create_entry" time="0.263" /><testcase classname="tests.test_auth_and_crud.TestPasswordCrud" name="test_02_get_all_passwords" time="0.301" /><testcase classname="tests.test_auth_and_crud.TestPasswordCrud" name="test_03_get_single_entry" time="0.263" /><testcase classname="tests.test_auth_and_crud.TestPasswordCrud" name="test_04_wrong_password_rejected_on_get" time="0.263" /><testcase classname="tests.test_auth_and_crud.TestPasswordCrud" name="test_05_update_entry" time="0.524" /><testcase classname="tests.test_auth_and_crud.TestPasswordCrud" name="test_06_search" time="0.302" /><testcase classname="tests.test_auth_and_crud.TestPasswordCrud" name="test_07_delete_entry" time="0.531" /><testcase classname="tests.test_auth_and_crud.TestPasswordCrud" name="test_08_invalid_id_format" time="0.259" /><testcase classname="tests.test_reset.TestResetFlow" name="test_01_precondition_setup_exists" time="0.044" /><testcase classname="tests.test_reset.TestResetFlow" name="test_02_seed_a_password_entry" time="0.301" /><testcase classname="tests.test_reset.TestResetFlow" name="test_03_reset_returns_success" time="0.081" /><testcase classname="tests.test_reset.TestResetFlow" name="test_04_check_returns_is_setup_false" time="0.038" /><testcase classname="tests.test_reset.TestResetFlow" name="test_05_db_collections_empty" time="0.004" /><testcase classname="tests.test_reset.TestResetFlow" name="test_06_login_after_reset_fails_404" time="0.039" /><testcase classname="tests.test_reset.TestResetFlow" name="test_07_setup_new_master_password" time="0.263" /><testcase classname="tests.test_reset.TestResetFlow" name="test_08_login_with_new_password" time="0.263" /><testcase classname="tests.test_reset.TestResetFlow" name="test_09_old_password_no_longer_works" time="0.260" /><testcase classname="tests.test_reset.TestResetFlow" name="test_10_reset_idempotent_when_no_users" time="0.159" /></testsuite></testsuites>