<?xml version="1.0" encoding="utf-8"?><testsuites name="pytest tests"><testsuite name="pytest" errors="0" failures="0" skipped="1" tests="19" time="6.454" timestamp="2026-07-24T08:06:59.692962+00:00" hostname="agent-env-752ce751-8b48-45d1-9a52-629f15c80f6e"><testcase classname="tests.test_new_features.TestCategoriesItalian" name="test_categories_are_italian" time="0.116" /><testcase classname="tests.test_new_features.TestCheckBeforeSetup" name="test_check_returns_false_and_empty_email" time="0.045" /><testcase classname="tests.test_new_features.TestSetupWithEmail" name="test_01_setup_requires_email" time="0.042" /><testcase classname="tests.test_new_features.TestSetupWithEmail" name="test_02_setup_rejects_invalid_email" time="0.044" /><testcase classname="tests.test_new_features.TestSetupWithEmail" name="test_03_setup_success" time="0.269" /><testcase classname="tests.test_new_features.TestSetupWithEmail" name="test_04_check_returns_true_and_email" time="0.042" /><testcase classname="tests.test_new_features.TestSetupWithEmail" name="test_05_setup_twice_rejected" time="0.046" /><testcase classname="tests.test_new_features.TestSetupWithEmail" name="test_06_login_with_correct_email_and_password" time="0.266" /><testcase classname="tests.test_new_features.TestSetupWithEmail" name="test_07_login_wrong_password" time="0.266" /><testcase classname="tests.test_new_features.TestSetupWithEmail" name="test_08_login_wrong_email" time="0.041" /><testcase classname="tests.test_new_features.TestSetupWithEmail" name="test_09_login_missing_email_422" time="0.042" /><testcase classname="tests.test_new_features.TestSetupWithEmail" name="test_10_login_invalid_email_format_422" time="0.044" /><testcase classname="tests.test_new_features.TestSetupWithEmail" name="test_11_login_email_case_insensitive" time="0.265" /><testcase classname="tests.test_new_features.TestForgotPassword" name="test_01_wrong_email" time="0.047" /><testcase classname="tests.test_new_features.TestForgotPassword" name="test_02_invalid_email_format" time="0.041" /><testcase classname="tests.test_new_features.TestForgotPassword" name="test_03_valid_email_creates_otp" time="0.239"><skipped type="pytest.skip" message="Resend send failed in CI env: {&quot;detail&quot;:&quot;Impossibile inviare email. Verifica che l'indirizzo sia corretto o riprova più tardi.&quot;}">/app/backend/tests/test_new_features.py:139: Resend send failed in CI env: {"detail":"Impossibile inviare email. Verifica che l'indirizzo sia corretto o riprova più tardi."}</skipped></testcase><testcase classname="tests.test_new_features.TestVerifyOtpResetGuards" name="test_01_invalid_otp_rejected" time="0.047" /><testcase classname="tests.test_new_features.TestVerifyOtpResetGuards" name="test_02_expired_otp_rejected" time="0.045" /><testcase classname="tests.test_new_features.TestResetPreservesEntries" name="test_full_reset_preserves_entries_flow" time="4.485" /></testsuite></testsuites>